<?xml version="1.0" encoding="UTF-8"?>
<testsuite xmlns:xsi="http://www.w3.org/2001/XMLSchema-instance" xsi:noNamespaceSchemaLocation="https://maven.apache.org/surefire/maven-surefire-plugin/xsd/surefire-test-report.xsd" name="task2.LoanProcessorTest" time="0.086" tests="4" errors="0" skipped="0" failures="0">
  <properties>
[...]
</properties>
  <testcase name="testApplicationRejectedDueToHighLoanAmount" classname="task2.LoanProcessorTest" time="0"/>
  <testcase name="testApplicationApproved" classname="task2.LoanProcessorTest" time="0"/>
  <testcase name="testApplicationRejectedDueToLowCreditScore" classname="task2.LoanProcessorTest" time="0"/>
  <testcase name="testApplicationRejectedDueToUnemployment" classname="task2.LoanProcessorTest" time="0"/>
</testsuite>